#
# A fatal error has been detected by the Java Runtime Environment:
#
#  SIGSEGV (0xb) at pc=0x00007fff8ee5083a, pid=655, tid=47623
#
# JRE version: Java(TM) SE Runtime Environment (7.0_45-b18) (build 1.7.0_45-b18)
# Java VM: Java HotSpot(TM) 64-Bit Server VM (24.45-b08 mixed mode bsd-amd64 compressed oops)
# Problematic frame:
# C  [GLEngine+0x2483a]  gleDrawPixelsFast+0x3e16
#
# Failed to write core dump. Core dumps have been disabled. To enable core dumping, try "ulimit -c unlimited" before starting Java again
#
# If you would like to submit a bug report, please visit:
#   http://bugreport.sun.com/bugreport/crash.jsp
# The crash happened outside the Java Virtual Machine in native code.
# See problematic frame for where to report the bug.
#

---------------  T H R E A D  ---------------

Current thread (0x00007f9f39815000):  JavaThread "Java2D Queue Flusher" daemon [_thread_in_native, id=47623, stack(0x00000001182a9000,0x00000001183a9000)]

siginfo:si_signo=SIGSEGV: si_errno=0, si_code=1 (SEGV_MAPERR), si_addr=0xffffffff211eb000

Registers:
RAX=0x00007f9f3c80c600, RBX=0xffffffff80000000, RCX=0x00007f9f3c81c500, RDX=0x00000001211eb000
RSP=0x00000001183a80b0, RBP=0x00000001183a85e0, RSI=0x0000000000004000, RDI=0x00007f9f3c80c600
R8 =0x00007f9f3bd16510, R9 =0x000000000000000b, R10=0x0000000000000003, R11=0x00007f9f3a0f18c8
R12=0x00007f9f3c80c600, R13=0x000000011e8c3000, R14=0x0000000000000003, R15=0x000000000000c000
RIP=0x00007fff8ee5083a, EFLAGS=0x0000000000010206, ERR=0x0000000000000004
  TRAPNO=0x000000000000000e

Top of Stack: (sp=0x00000001183a80b0)
0x00000001183a80b0:   00000007eb9be6c0 0000000000000004
0x00000001183a80c0:   ff8000000000000a 0000000000080000
0x00000001183a80d0:   00000001211eb000 0000000100000001
0x00000001183a80e0:   00000007000000a2 0000000000000000
0x00000001183a80f0:   0000000000000000 0000000100000000
0x00000001183a8100:   40400000183a81a0 4303800000000001
0x00000001183a8110:   0000000443008000 0000000140000000
0x00000001183a8120:   0000000000000000 00007f9f3b909298
0x00000001183a8130:   0000000000000000 43008000736748e8
0x00000001183a8140:   000000000000000c 00000000183a8168
0x00000001183a8150:   0000000000000003 0000008087729243
0x00000001183a8160:   4301000000000000 0000000040400000
0x00000001183a8170:   0000000000000000 0000000000000000
0x00000001183a8180:   0000008001060a78 0000000000000000
0x00000001183a8190:   000000000000000c 0000000343040000
0x00000001183a81a0:   0000000000008814 0000000000000006
0x00000001183a81b0:   000000000000000a 0000000000000004
0x00000001183a81c0:   0000000000000001 3f800000859bc8cd
0x00000001183a81d0:   0000000000000004 000083671d333000
0x00000001183a81e0:   c6fff20000001406 0000000000000010
0x00000001183a81f0:   0000000000000000 0000000000000016
0x00000001183a8200:   00000001183a8240 000000018edcd53e
0x00000001183a8210:   0000190800000020 000000a200000000
0x00000001183a8220:   0000000200000080 0000000000000003
0x00000001183a8230:   000080e100000005 0000000100000000
0x00000001183a8240:   0000000000000000 00007f9f3b908fb0
0x00000001183a8250:   0002000009e0b000 bf80000000000001
0x00000001183a8260:   0000000000000000 0000000000000003
0x00000001183a8270:   4301800000000000 0000000000000001
0x00000001183a8280:   00007f9f3c80c600 0000000000000003
0x00000001183a8290:   0000000000007ff9 4301000000001400
0x00000001183a82a0:   3f8000003f800000 3f8000003f800000 

Instructions: (pc=0x00007fff8ee5083a)
0x00007fff8ee5081a:   0f 58 80 ac 98 00 00 48 8b 8d 38 fd ff ff f3 0f
0x00007fff8ee5082a:   11 81 40 fb ff ff 48 63 db 48 8b 95 40 fd ff ff
0x00007fff8ee5083a:   0f 28 04 9a 0f 29 81 80 fb ff ff 48 89 c7 48 8b
0x00007fff8ee5084a:   b5 28 fd ff ff 4c 89 ea 49 89 c4 41 ff 94 24 98 

Register to memory mapping:

RAX=0x00007f9f3c80c600 is an unknown value
RBX=0xffffffff80000000 is an unknown value
RCX=0x00007f9f3c81c500 is an unknown value
RDX=0x00000001211eb000 is an unknown value
RSP=0x00000001183a80b0 is pointing into the stack for thread: 0x00007f9f39815000
RBP=0x00000001183a85e0 is pointing into the stack for thread: 0x00007f9f39815000
RSI=0x0000000000004000 is an unknown value
RDI=0x00007f9f3c80c600 is an unknown value
R8 =0x00007f9f3bd16510 is an unknown value
R9 =0x000000000000000b is an unknown value
R10=0x0000000000000003 is an unknown value
R11=0x00007f9f3a0f18c8 is an unknown value
R12=0x00007f9f3c80c600 is an unknown value
R13=0x000000011e8c3000 is an unknown value
R14=0x0000000000000003 is an unknown value
R15=0x000000000000c000 is an unknown value


Stack: [0x00000001182a9000,0x00000001183a9000],  sp=0x00000001183a80b0,  free space=1020k
Native frames: (J=compiled Java code, j=interpreted, Vv=VM code, C=native code)
C  [GLEngine+0x2483a]  gleDrawPixelsFast+0x3e16
C  [GLEngine+0x209d6]  glDrawPixels_Exec+0x1f7
C  [liblwawt.dylib+0x345a]  OGLBlitLoops_Blit+0x6fd
C  [liblwawt.dylib+0x7cad]  Java_sun_java2d_opengl_OGLRenderQueue_flushBuffer+0x3d1
j  sun.java2d.opengl.OGLRenderQueue.flushBuffer(JI)V+0
j  sun.java2d.opengl.OGLRenderQueue.flushBuffer()V+21
j  sun.java2d.opengl.OGLRenderQueue.access$100(Lsun/java2d/opengl/OGLRenderQueue;)V+1
j  sun.java2d.opengl.OGLRenderQueue$QueueFlusher.run()V+81
v  ~StubRoutines::call_stub
V  [libjvm.dylib+0x2d6d90]  JavaCalls::call_helper(JavaValue*, methodHandle*, JavaCallArguments*, Thread*)+0x22a
V  [libjvm.dylib+0x2d72a7]  JavaCalls::call_virtual(JavaValue*, KlassHandle, Symbol*, Symbol*, JavaCallArguments*, Thread*)+0x11b
V  [libjvm.dylib+0x2d73e4]  JavaCalls::call_virtual(JavaValue*, Handle, KlassHandle, Symbol*, Symbol*, Thread*)+0x4a
V  [libjvm.dylib+0x3263ca]  thread_entry(JavaThread*, Thread*)+0xad
V  [libjvm.dylib+0x4efb47]  JavaThread::thread_main_inner()+0x9b
V  [libjvm.dylib+0x4f124f]  JavaThread::run()+0x1a3
V  [libjvm.dylib+0x41b1c6]  java_start(Thread*)+0x126
C  [libsystem_pthread.dylib+0x32fc]  _pthread_body+0x83
C  [libsystem_pthread.dylib+0x3279]  _pthread_body+0x0
C  [libsystem_pthread.dylib+0x14b1]  thread_start+0xd

Java frames: (J=compiled Java code, j=interpreted, Vv=VM code)
j  sun.java2d.opengl.OGLRenderQueue.flushBuffer(JI)V+0
j  sun.java2d.opengl.OGLRenderQueue.flushBuffer()V+21
j  sun.java2d.opengl.OGLRenderQueue.access$100(Lsun/java2d/opengl/OGLRenderQueue;)V+1
j  sun.java2d.opengl.OGLRenderQueue$QueueFlusher.run()V+81
v  ~StubRoutines::call_stub

---------------  P R O C E S S  ---------------

Java Threads: ( => current thread )
  0x00007f9f3b04a000 JavaThread "DestroyJavaVM" [_thread_blocked, id=4867, stack(0x000000010b254000,0x000000010b354000)]
  0x00007f9f3a972000 JavaThread "AWT-EventQueue-0" [_thread_blocked, id=52487, stack(0x000000011a1f8000,0x000000011a2f8000)]
  0x00007f9f3a94e800 JavaThread "Java2D Disposer" daemon [_thread_blocked, id=49175, stack(0x0000000118c1c000,0x0000000118d1c000)]
=>0x00007f9f39815000 JavaThread "Java2D Queue Flusher" daemon [_thread_in_native, id=47623, stack(0x00000001182a9000,0x00000001183a9000)]
  0x00007f9f3a080800 JavaThread "AWT-Shutdown" [_thread_blocked, id=27411, stack(0x00000001158e7000,0x00000001159e7000)]
  0x00007f9f3a07d000 JavaThread "AppKit Thread" daemon [_thread_in_native, id=1299, stack(0x00007fff55d8f000,0x00007fff55e0f000)]
  0x00007f9f3b015000 JavaThread "Service Thread" daemon [_thread_blocked, id=17667, stack(0x0000000114100000,0x0000000114200000)]
  0x00007f9f3b014800 JavaThread "C2 CompilerThread1" daemon [_thread_blocked, id=17155, stack(0x0000000113ffd000,0x00000001140fd000)]
  0x00007f9f39821000 JavaThread "C2 CompilerThread0" daemon [_thread_blocked, id=16643, stack(0x0000000113efa000,0x0000000113ffa000)]
  0x00007f9f39823000 JavaThread "Signal Dispatcher" daemon [_thread_blocked, id=13335, stack(0x0000000113df7000,0x0000000113ef7000)]
  0x00007f9f3b005800 JavaThread "Finalizer" daemon [_thread_blocked, id=11523, stack(0x00000001124af000,0x00000001125af000)]
  0x00007f9f3b002800 JavaThread "Reference Handler" daemon [_thread_blocked, id=11011, stack(0x00000001123ac000,0x00000001124ac000)]

Other Threads:
  0x00007f9f3a045000 VMThread [stack: 0x00000001122a9000,0x00000001123a9000] [id=10499]
  0x00007f9f3a04a800 WatcherThread [stack: 0x0000000114203000,0x0000000114303000] [id=18179]

VM state:not at safepoint (normal execution)

VM Mutex/Monitor currently owned by a thread: None

Heap
 PSYoungGen      total 36352K, used 20471K [0x00000007eaa80000, 0x00000007ed080000, 0x0000000800000000)
  eden space 33792K, 53% used [0x00000007eaa80000,0x00000007ebc05700,0x00000007ecb80000)
  from space 2560K, 98% used [0x00000007ece00000,0x00000007ed078878,0x00000007ed080000)
  to   space 2560K, 0% used [0x00000007ecb80000,0x00000007ecb80000,0x00000007ece00000)
 ParOldGen       total 43520K, used 17578K [0x00000007c0000000, 0x00000007c2a80000, 0x00000007eaa80000)
  object space 43520K, 40% used [0x00000007c0000000,0x00000007c112a898,0x00000007c2a80000)
 PSPermGen       total 21504K, used 10885K [0x00000007bae00000, 0x00000007bc300000, 0x00000007c0000000)
  object space 21504K, 50% used [0x00000007bae00000,0x00000007bb8a1640,0x00000007bc300000)

Card table byte_map: [0x000000010e416000,0x000000010e640000] byte_map_base: 0x000000010a63f000

Polling page: 0x0000000109f43000

Code Cache  [0x000000010b356000, 0x000000010b5c6000, 0x000000010e356000)
 total_blobs=502 nmethods=54 adapters=403 free_code_cache=48554Kb largest_free_block=49713920

Compilation events (10 events):
Event: 3.385 Thread 0x00007f9f3b014800 nmethod 50 0x000000010b3e7490 code [0x000000010b3e75e0, 0x000000010b3e7738]
Event: 3.385 Thread 0x00007f9f3b014800   51             java.lang.CharacterDataLatin1::toLowerCase (39 bytes)
Event: 3.385 Thread 0x00007f9f3b014800 nmethod 51 0x000000010b3e7210 code [0x000000010b3e7340, 0x000000010b3e73f8]
Event: 3.404 Thread 0x00007f9f39821000 nmethod 49 0x000000010b3eac50 code [0x000000010b3eae80, 0x000000010b3ebe60]
Event: 3.408 Thread 0x00007f9f3b014800   52             sun.font.Font2D::setStyle (114 bytes)
Event: 3.409 Thread 0x00007f9f39821000   53             java.lang.String::indexOf (25 bytes)
Event: 3.409 Thread 0x00007f9f39821000 nmethod 53 0x000000010b3e6e90 code [0x000000010b3e6fe0, 0x000000010b3e70c8]
Event: 3.410 Thread 0x00007f9f39821000   54             java.lang.String::indexOf (7 bytes)
Event: 3.410 Thread 0x00007f9f39821000 nmethod 54 0x000000010b3e6b10 code [0x000000010b3e6c60, 0x000000010b3e6d48]
Event: 3.412 Thread 0x00007f9f3b014800 nmethod 52 0x000000010b3e8650 code [0x000000010b3e87c0, 0x000000010b3e8d98]

GC Heap History (4 events):
Event: 0.649 GC heap before
{Heap before GC invocations=1 (full 0):
 PSYoungGen      total 19456K, used 16896K [0x00000007eaa80000, 0x00000007ec000000, 0x0000000800000000)
  eden space 16896K, 100% used [0x00000007eaa80000,0x00000007ebb00000,0x00000007ebb00000)
  from space 2560K, 0% used [0x00000007ebd80000,0x00000007ebd80000,0x00000007ec000000)
  to   space 2560K, 0% used [0x00000007ebb00000,0x00000007ebb00000,0x00000007ebd80000)
 ParOldGen       total 43520K, used 0K [0x00000007c0000000, 0x00000007c2a80000, 0x00000007eaa80000)
  object space 43520K, 0% used [0x00000007c0000000,0x00000007c0000000,0x00000007c2a80000)
 PSPermGen       total 21504K, used 8925K [0x00000007bae00000, 0x00000007bc300000, 0x00000007c0000000)
  object space 21504K, 41% used [0x00000007bae00000,0x00000007bb6b7558,0x00000007bc300000)
Event: 0.656 GC heap after
Heap after GC invocations=1 (full 0):
 PSYoungGen      total 19456K, used 2546K [0x00000007eaa80000, 0x00000007ed080000, 0x0000000800000000)
  eden space 16896K, 0% used [0x00000007eaa80000,0x00000007eaa80000,0x00000007ebb00000)
  from space 2560K, 99% used [0x00000007ebb00000,0x00000007ebd7c888,0x00000007ebd80000)
  to   space 2560K, 0% used [0x00000007ece00000,0x00000007ece00000,0x00000007ed080000)
 ParOldGen       total 43520K, used 7734K [0x00000007c0000000, 0x00000007c2a80000, 0x00000007eaa80000)
  object space 43520K, 17% used [0x00000007c0000000,0x00000007c078d9b8,0x00000007c2a80000)
 PSPermGen       total 21504K, used 8925K [0x00000007bae00000, 0x00000007bc300000, 0x00000007c0000000)
  object space 21504K, 41% used [0x00000007bae00000,0x00000007bb6b7558,0x00000007bc300000)
}
Event: 0.857 GC heap before
{Heap before GC invocations=2 (full 0):
 PSYoungGen      total 19456K, used 19442K [0x00000007eaa80000, 0x00000007ed080000, 0x0000000800000000)
  eden space 16896K, 100% used [0x00000007eaa80000,0x00000007ebb00000,0x00000007ebb00000)
  from space 2560K, 99% used [0x00000007ebb00000,0x00000007ebd7c888,0x00000007ebd80000)
  to   space 2560K, 0% used [0x00000007ece00000,0x00000007ece00000,0x00000007ed080000)
 ParOldGen       total 43520K, used 7734K [0x00000007c0000000, 0x00000007c2a80000, 0x00000007eaa80000)
  object space 43520K, 17% used [0x00000007c0000000,0x00000007c078d9b8,0x00000007c2a80000)
 PSPermGen       total 21504K, used 9035K [0x00000007bae00000, 0x00000007bc300000, 0x00000007c0000000)
  object space 21504K, 42% used [0x00000007bae00000,0x00000007bb6d2de8,0x00000007bc300000)
Event: 0.863 GC heap after
Heap after GC invocations=2 (full 0):
 PSYoungGen      total 36352K, used 2530K [0x00000007eaa80000, 0x00000007ed080000, 0x0000000800000000)
  eden space 33792K, 0% used [0x00000007eaa80000,0x00000007eaa80000,0x00000007ecb80000)
  from space 2560K, 98% used [0x00000007ece00000,0x00000007ed078878,0x00000007ed080000)
  to   space 2560K, 0% used [0x00000007ecb80000,0x00000007ecb80000,0x00000007ece00000)
 ParOldGen       total 43520K, used 17578K [0x00000007c0000000, 0x00000007c2a80000, 0x00000007eaa80000)
  object space 43520K, 40% used [0x00000007c0000000,0x00000007c112a898,0x00000007c2a80000)
 PSPermGen       total 21504K, used 9035K [0x00000007bae00000, 0x00000007bc300000, 0x00000007c0000000)
  object space 21504K, 42% used [0x00000007bae00000,0x00000007bb6d2de8,0x00000007bc300000)
}

Deoptimization events (0 events):
No events

Internal exceptions (10 events):
Event: 0.466 Thread 0x00007f9f3980b000 Threw 0x00000007eafdcf58 at /HUDSON/workspace/7u-2-build-macosx-x86_64/jdk7u45/229/hotspot/src/share/vm/prims/jvm.cpp:1244
Event: 0.466 Thread 0x00007f9f3980b000 Threw 0x00000007eafdf928 at /HUDSON/workspace/7u-2-build-macosx-x86_64/jdk7u45/229/hotspot/src/share/vm/prims/jvm.cpp:1244
Event: 0.467 Thread 0x00007f9f3980b000 Threw 0x00000007eafe3c70 at /HUDSON/workspace/7u-2-build-macosx-x86_64/jdk7u45/229/hotspot/src/share/vm/prims/jvm.cpp:1244
Event: 0.468 Thread 0x00007f9f3980b000 Threw 0x00000007eafe7e30 at /HUDSON/workspace/7u-2-build-macosx-x86_64/jdk7u45/229/hotspot/src/share/vm/prims/jvm.cpp:1244
Event: 0.472 Thread 0x00007f9f3980b000 Threw 0x00000007eaff0b28 at /HUDSON/workspace/7u-2-build-macosx-x86_64/jdk7u45/229/hotspot/src/share/vm/prims/jvm.cpp:1244
Event: 0.477 Thread 0x00007f9f3980b000 Threw 0x00000007eaffc5c0 at /HUDSON/workspace/7u-2-build-macosx-x86_64/jdk7u45/229/hotspot/src/share/vm/prims/jvm.cpp:1244
Event: 0.492 Thread 0x00007f9f3980b000 Threw 0x00000007eb02edf8 at /HUDSON/workspace/7u-2-build-macosx-x86_64/jdk7u45/229/hotspot/src/share/vm/prims/jvm.cpp:1244
Event: 0.515 Thread 0x00007f9f3980b000 Threw 0x00000007eb0a3948 at /HUDSON/workspace/7u-2-build-macosx-x86_64/jdk7u45/229/hotspot/src/share/vm/prims/jvm.cpp:1244
Event: 0.965 Thread 0x00007f9f3980b000 Threw 0x00000007eb201010 at /HUDSON/workspace/7u-2-build-macosx-x86_64/jdk7u45/229/hotspot/src/share/vm/prims/jvm.cpp:1244
Event: 2.883 Thread 0x00007f9f3a972000 Threw 0x00000007eb2428b0 at /HUDSON/workspace/7u-2-build-macosx-x86_64/jdk7u45/229/hotspot/src/share/vm/prims/jvm.cpp:1244

Events (10 events):
Event: 4.998 loading class 0x00007f9f3a15ec30
Event: 4.998 loading class 0x00007f9f3a15ec30 done
Event: 4.998 loading class 0x00007f9f3a15dd50
Event: 4.998 loading class 0x00007f9f3a15eba0
Event: 4.998 loading class 0x00007f9f39858f90
Event: 4.998 loading class 0x00007f9f39858f90 done
Event: 4.998 loading class 0x00007f9f3a15eba0 done
Event: 4.998 loading class 0x00007f9f3a15dd50 done
Event: 4.999 loading class 0x00007f9f3a15ebf0
Event: 4.999 loading class 0x00007f9f3a15ebf0 done


Dynamic libraries:
0x0000000001636000 	/System/Library/Frameworks/Cocoa.framework/Versions/A/Cocoa
0x0000000001636000 	/System/Library/Frameworks/Security.framework/Versions/A/Security
0x0000000001636000 	/System/Library/Frameworks/ApplicationServices.framework/Versions/A/ApplicationServices
0x0000000001636000 	/usr/lib/libz.1.dylib
0x0000000001636000 	/usr/lib/libSystem.B.dylib
0x0000000001636000 	/usr/lib/libobjc.A.dylib
0x0000000001636000 	/System/Library/Frameworks/CoreFoundation.framework/Versions/A/CoreFoundation
0x0000000001636000 	/System/Library/Frameworks/Foundation.framework/Versions/C/Foundation
0x0000000001636000 	/System/Library/Frameworks/AppKit.framework/Versions/C/AppKit
0x0000000001636000 	/System/Library/Frameworks/CoreData.framework/Versions/A/CoreData
0x0000000001636000 	/System/Library/PrivateFrameworks/RemoteViewServices.framework/Versions/A/RemoteViewServices
0x0000000001636000 	/System/Library/PrivateFrameworks/UIFoundation.framework/Versions/A/UIFoundation
0x0000000001636000 	/System/Library/Frameworks/IOSurface.framework/Versions/A/IOSurface
0x0000000001636000 	/System/Library/Frameworks/AudioToolbox.framework/Versions/A/AudioToolbox
0x0000000001636000 	/System/Library/Frameworks/AudioUnit.framework/Versions/A/AudioUnit
0x0000000001636000 	/System/Library/PrivateFrameworks/DataDetectorsCore.framework/Versions/A/DataDetectorsCore
0x0000000001636000 	/System/Library/PrivateFrameworks/DesktopServicesPriv.framework/Versions/A/DesktopServicesPriv
0x0000000001636000 	/System/Library/Frameworks/Carbon.framework/Versions/A/Frameworks/HIToolbox.framework/Versions/A/HIToolbox
0x0000000001636000 	/System/Library/Frameworks/QuartzCore.framework/Versions/A/QuartzCore
0x0000000001636000 	/System/Library/Frameworks/Carbon.framework/Versions/A/Frameworks/SpeechRecognition.framework/Versions/A/SpeechRecognition
0x0000000001636000 	/usr/lib/libauto.dylib
0x0000000001636000 	/usr/lib/libicucore.A.dylib
0x0000000001636000 	/usr/lib/libxml2.2.dylib
0x0000000001636000 	/System/Library/PrivateFrameworks/CoreUI.framework/Versions/A/CoreUI
0x0000000001636000 	/System/Library/Frameworks/CoreAudio.framework/Versions/A/CoreAudio
0x0000000001636000 	/System/Library/Frameworks/DiskArbitration.framework/Versions/A/DiskArbitration
0x0000000001636000 	/usr/lib/liblangid.dylib
0x0000000001636000 	/System/Library/PrivateFrameworks/MultitouchSupport.framework/Versions/A/MultitouchSupport
0x0000000001636000 	/System/Library/Frameworks/IOKit.framework/Versions/A/IOKit
0x0000000001636000 	/usr/lib/libDiagnosticMessagesClient.dylib
0x0000000001636000 	/System/Library/Frameworks/CoreServices.framework/Versions/A/CoreServices
0x0000000001636000 	/System/Library/PrivateFrameworks/PerformanceAnalysis.framework/Versions/A/PerformanceAnalysis
0x0000000001636000 	/System/Library/PrivateFrameworks/GenerationalStorage.framework/Versions/A/GenerationalStorage
0x0000000001636000 	/System/Library/Frameworks/OpenGL.framework/Versions/A/OpenGL
0x0000000001636000 	/System/Library/PrivateFrameworks/Sharing.framework/Versions/A/Sharing
0x0000000001636000 	/System/Library/Frameworks/CoreGraphics.framework/Versions/A/CoreGraphics
0x0000000001636000 	/System/Library/Frameworks/CoreText.framework/Versions/A/CoreText
0x0000000001636000 	/System/Library/Frameworks/ImageIO.framework/Versions/A/ImageIO
0x0000000001636000 	/usr/lib/libextension.dylib
0x0000000001636000 	/System/Library/PrivateFrameworks/Backup.framework/Versions/A/Backup
0x0000000001636000 	/usr/lib/libarchive.2.dylib
0x0000000001636000 	/System/Library/Frameworks/CFNetwork.framework/Versions/A/CFNetwork
0x0000000001636000 	/System/Library/Frameworks/SystemConfiguration.framework/Versions/A/SystemConfiguration
0x0000000001636000 	/usr/lib/libCRFSuite.dylib
0x0000000001636000 	/usr/lib/libc++.1.dylib
0x0000000001636000 	/usr/lib/libc++abi.dylib
0x0000000001636000 	/usr/lib/system/libcache.dylib
0x0000000001636000 	/usr/lib/system/libcommonCrypto.dylib
0x0000000001636000 	/usr/lib/system/libcompiler_rt.dylib
0x0000000001636000 	/usr/lib/system/libcopyfile.dylib
0x0000000001636000 	/usr/lib/system/libcorecrypto.dylib
0x0000000001636000 	/usr/lib/system/libdispatch.dylib
0x0000000001636000 	/usr/lib/system/libdyld.dylib
0x0000000001636000 	/usr/lib/system/libkeymgr.dylib
0x0000000001636000 	/usr/lib/system/liblaunch.dylib
0x0000000001636000 	/usr/lib/system/libmacho.dylib
0x0000000001636000 	/usr/lib/system/libquarantine.dylib
0x0000000001636000 	/usr/lib/system/libremovefile.dylib
0x0000000001636000 	/usr/lib/system/libsystem_asl.dylib
0x0000000001636000 	/usr/lib/system/libsystem_blocks.dylib
0x0000000001636000 	/usr/lib/system/libsystem_c.dylib
0x0000000001636000 	/usr/lib/system/libsystem_configuration.dylib
0x0000000001636000 	/usr/lib/system/libsystem_coreservices.dylib
0x0000000001636000 	/usr/lib/system/libsystem_coretls.dylib
0x0000000001636000 	/usr/lib/system/libsystem_dnssd.dylib
0x0000000001636000 	/usr/lib/system/libsystem_info.dylib
0x0000000001636000 	/usr/lib/system/libsystem_kernel.dylib
0x0000000001636000 	/usr/lib/system/libsystem_m.dylib
0x0000000001636000 	/usr/lib/system/libsystem_malloc.dylib
0x0000000001636000 	/usr/lib/system/libsystem_network.dylib
0x0000000001636000 	/usr/lib/system/libsystem_networkextension.dylib
0x0000000001636000 	/usr/lib/system/libsystem_notify.dylib
0x0000000001636000 	/usr/lib/system/libsystem_platform.dylib
0x0000000001636000 	/usr/lib/system/libsystem_pthread.dylib
0x0000000001636000 	/usr/lib/system/libsystem_sandbox.dylib
0x0000000001636000 	/usr/lib/system/libsystem_secinit.dylib
0x0000000001636000 	/usr/lib/system/libsystem_stats.dylib
0x0000000001636000 	/usr/lib/system/libsystem_trace.dylib
0x0000000001636000 	/usr/lib/system/libunc.dylib
0x0000000001636000 	/usr/lib/system/libunwind.dylib
0x0000000001636000 	/usr/lib/system/libxpc.dylib
0x0000000001636000 	/usr/lib/libbz2.1.0.dylib
0x0000000001636000 	/usr/lib/liblzma.5.dylib
0x0000000001636000 	/usr/lib/libbsm.0.dylib
0x0000000001636000 	/usr/lib/libsqlite3.dylib
0x0000000001636000 	/usr/lib/system/libkxld.dylib
0x0000000001636000 	/usr/lib/libxar.1.dylib
0x0000000001636000 	/usr/lib/libpam.2.dylib
0x0000000001636000 	/usr/lib/libOpenScriptingUtil.dylib
0x0000000001636000 	/System/Library/Frameworks/CoreServices.framework/Versions/A/Frameworks/FSEvents.framework/Versions/A/FSEvents
0x0000000001636000 	/System/Library/Frameworks/CoreServices.framework/Versions/A/Frameworks/CarbonCore.framework/Versions/A/CarbonCore
0x0000000001636000 	/System/Library/Frameworks/CoreServices.framework/Versions/A/Frameworks/Metadata.framework/Versions/A/Metadata
0x0000000001636000 	/System/Library/Frameworks/CoreServices.framework/Versions/A/Frameworks/OSServices.framework/Versions/A/OSServices
0x0000000001636000 	/System/Library/Frameworks/CoreServices.framework/Versions/A/Frameworks/SearchKit.framework/Versions/A/SearchKit
0x0000000001636000 	/System/Library/Frameworks/CoreServices.framework/Versions/A/Frameworks/AE.framework/Versions/A/AE
0x0000000001636000 	/System/Library/Frameworks/CoreServices.framework/Versions/A/Frameworks/LaunchServices.framework/Versions/A/LaunchServices
0x0000000001636000 	/System/Library/Frameworks/CoreServices.framework/Versions/A/Frameworks/DictionaryServices.framework/Versions/A/DictionaryServices
0x0000000001636000 	/System/Library/Frameworks/NetFS.framework/Versions/A/NetFS
0x0000000001636000 	/System/Library/PrivateFrameworks/NetAuth.framework/Versions/A/NetAuth
0x0000000001636000 	/System/Library/PrivateFrameworks/login.framework/Versions/A/Frameworks/loginsupport.framework/Versions/A/loginsupport
0x0000000001636000 	/System/Library/PrivateFrameworks/TCC.framework/Versions/A/TCC
0x0000000001636000 	/usr/lib/libmecabra.dylib
0x0000000001636000 	/System/Library/PrivateFrameworks/LanguageModeling.framework/Versions/A/LanguageModeling
0x0000000001636000 	/usr/lib/libcmph.dylib
0x0000000001636000 	/usr/lib/libiconv.2.dylib
0x0000000001636000 	/System/Library/Frameworks/OpenDirectory.framework/Versions/A/Frameworks/CFOpenDirectory.framework/Versions/A/CFOpenDirectory
0x0000000001636000 	/System/Library/Frameworks/ServiceManagement.framework/Versions/A/ServiceManagement
0x0000000001636000 	/usr/lib/libxslt.1.dylib
0x0000000001636000 	/System/Library/Frameworks/Carbon.framework/Versions/A/Frameworks/Ink.framework/Versions/A/Ink
0x0000000001636000 	/System/Library/Frameworks/ApplicationServices.framework/Versions/A/Frameworks/ATS.framework/Versions/A/ATS
0x0000000001636000 	/System/Library/Frameworks/ApplicationServices.framework/Versions/A/Frameworks/ColorSync.framework/Versions/A/ColorSync
0x0000000001636000 	/System/Library/Frameworks/ApplicationServices.framework/Versions/A/Frameworks/HIServices.framework/Versions/A/HIServices
0x0000000001636000 	/System/Library/Frameworks/ApplicationServices.framework/Versions/A/Frameworks/LangAnalysis.framework/Versions/A/LangAnalysis
0x0000000001636000 	/System/Library/Frameworks/ApplicationServices.framework/Versions/A/Frameworks/PrintCore.framework/Versions/A/PrintCore
0x0000000001636000 	/System/Library/Frameworks/ApplicationServices.framework/Versions/A/Frameworks/QD.framework/Versions/A/QD
0x0000000001636000 	/System/Library/Frameworks/ApplicationServices.framework/Versions/A/Frameworks/SpeechSynthesis.framework/Versions/A/SpeechSynthesis
0x0000000001636000 	/System/Library/Frameworks/Accelerate.framework/Versions/A/Accelerate
0x0000000001636000 	/System/Library/Frameworks/Accelerate.framework/Versions/A/Frameworks/vImage.framework/Versions/A/vImage
0x0000000001636000 	/System/Library/Frameworks/Accelerate.framework/Versions/A/Frameworks/vecLib.framework/Versions/A/vecLib
0x0000000001636000 	/System/Library/Frameworks/Accelerate.framework/Versions/A/Frameworks/vecLib.framework/Versions/A/libvDSP.dylib
0x0000000001636000 	/System/Library/Frameworks/Accelerate.framework/Versions/A/Frameworks/vecLib.framework/Versions/A/libvMisc.dylib
0x0000000001636000 	/System/Library/Frameworks/Accelerate.framework/Versions/A/Frameworks/vecLib.framework/Versions/A/libLAPACK.dylib
0x0000000001636000 	/System/Library/Frameworks/Accelerate.framework/Versions/A/Frameworks/vecLib.framework/Versions/A/libBLAS.dylib
0x0000000001636000 	/System/Library/Frameworks/Accelerate.framework/Versions/A/Frameworks/vecLib.framework/Versions/A/libLinearAlgebra.dylib
0x0000000001636000 	/System/Library/Frameworks/ApplicationServices.framework/Versions/A/Frameworks/ATS.framework/Versions/A/Resources/libFontParser.dylib
0x0000000001636000 	/System/Library/Frameworks/ApplicationServices.framework/Versions/A/Frameworks/ATS.framework/Versions/A/Resources/libFontRegistry.dylib
0x0000000001636000 	/System/Library/PrivateFrameworks/AppleVPA.framework/Versions/A/AppleVPA
0x0000000001636000 	/System/Library/PrivateFrameworks/AppleJPEG.framework/Versions/A/AppleJPEG
0x0000000001636000 	/System/Library/Frameworks/ImageIO.framework/Versions/A/Resources/libJPEG.dylib
0x0000000001636000 	/System/Library/Frameworks/ImageIO.framework/Versions/A/Resources/libTIFF.dylib
0x0000000001636000 	/System/Library/Frameworks/ImageIO.framework/Versions/A/Resources/libPng.dylib
0x0000000001636000 	/System/Library/Frameworks/ImageIO.framework/Versions/A/Resources/libGIF.dylib
0x0000000001636000 	/System/Library/Frameworks/ImageIO.framework/Versions/A/Resources/libJP2.dylib
0x0000000001636000 	/System/Library/Frameworks/ImageIO.framework/Versions/A/Resources/libRadiance.dylib
0x0000000001636000 	/System/Library/Frameworks/CoreVideo.framework/Versions/A/CoreVideo
0x0000000001636000 	/System/Library/Frameworks/OpenGL.framework/Versions/A/Libraries/libGLU.dylib
0x0000000001636000 	/System/Library/Frameworks/OpenGL.framework/Versions/A/Libraries/libGFXShared.dylib
0x0000000001636000 	/System/Library/Frameworks/OpenGL.framework/Versions/A/Libraries/libGL.dylib
0x0000000001636000 	/System/Library/Frameworks/OpenGL.framework/Versions/A/Libraries/libGLImage.dylib
0x0000000001636000 	/System/Library/Frameworks/OpenGL.framework/Versions/A/Libraries/libCVMSPluginSupport.dylib
0x0000000001636000 	/System/Library/Frameworks/OpenGL.framework/Versions/A/Libraries/libCoreVMClient.dylib
0x0000000001636000 	/usr/lib/libcups.2.dylib
0x0000000001636000 	/System/Library/Frameworks/Kerberos.framework/Versions/A/Kerberos
0x0000000001636000 	/System/Library/Frameworks/GSS.framework/Versions/A/GSS
0x0000000001636000 	/usr/lib/libresolv.9.dylib
0x0000000001636000 	/System/Library/PrivateFrameworks/Heimdal.framework/Versions/A/Heimdal
0x0000000001636000 	/usr/lib/libheimdal-asn1.dylib
0x0000000001636000 	/System/Library/Frameworks/OpenDirectory.framework/Versions/A/OpenDirectory
0x0000000001636000 	/System/Library/PrivateFrameworks/CommonAuth.framework/Versions/A/CommonAuth
0x0000000001636000 	/System/Library/Frameworks/SecurityFoundation.framework/Versions/A/SecurityFoundation
0x0000000001636000 	/System/Library/Frameworks/QuartzCore.framework/Versions/A/Frameworks/CoreImage.framework/Versions/A/CoreImage
0x0000000001636000 	/System/Library/PrivateFrameworks/CrashReporterSupport.framework/Versions/A/CrashReporterSupport
0x0000000001636000 	/System/Library/Frameworks/OpenCL.framework/Versions/A/OpenCL
0x0000000001636000 	/System/Library/PrivateFrameworks/FaceCore.framework/Versions/A/FaceCore
0x0000000001636000 	/System/Library/PrivateFrameworks/Ubiquity.framework/Versions/A/Ubiquity
0x0000000001636000 	/System/Library/PrivateFrameworks/IconServices.framework/Versions/A/IconServices
0x0000000001636000 	/System/Library/PrivateFrameworks/ChunkingLibrary.framework/Versions/A/ChunkingLibrary
0x0000000001636000 	/System/Library/PrivateFrameworks/Apple80211.framework/Versions/A/Apple80211
0x0000000001636000 	/System/Library/Frameworks/CoreWLAN.framework/Versions/A/CoreWLAN
0x0000000001636000 	/System/Library/Frameworks/IOBluetooth.framework/Versions/A/IOBluetooth
0x0000000001636000 	/System/Library/PrivateFrameworks/CoreWiFi.framework/Versions/A/CoreWiFi
0x0000000001636000 	/System/Library/Frameworks/CoreBluetooth.framework/Versions/A/CoreBluetooth
0x0000000001636000 	/System/Library/PrivateFrameworks/DebugSymbols.framework/Versions/A/DebugSymbols
0x0000000001636000 	/System/Library/PrivateFrameworks/CoreSymbolication.framework/Versions/A/CoreSymbolication
0x0000000001636000 	/System/Library/PrivateFrameworks/Symbolication.framework/Versions/A/Symbolication
0x0000000001636000 	/System/Library/PrivateFrameworks/SpeechRecognitionCore.framework/Versions/A/SpeechRecognitionCore
0x000000010a800000 	/Library/Java/JavaVirtualMachines/jdk1.7.0_45.jdk/Contents/Home/jre/lib/server/libjvm.dylib
0x0000000001636000 	/usr/lib/libstdc++.6.dylib
0x0000000109f06000 	/Library/Java/JavaVirtualMachines/jdk1.7.0_45.jdk/Contents/Home/jre/lib/libverify.dylib
0x0000000109f13000 	/Library/Java/JavaVirtualMachines/jdk1.7.0_45.jdk/Contents/Home/jre/lib/libjava.dylib
0x0000000109f4d000 	/Library/Java/JavaVirtualMachines/jdk1.7.0_45.jdk/Contents/Home/jre/lib/libzip.dylib
0x00000001125b1000 	/System/Library/Frameworks/JavaVM.framework/Frameworks/JavaRuntimeSupport.framework/JavaRuntimeSupport
0x00000001125c9000 	/System/Library/Frameworks/JavaVM.framework/Versions/A/Frameworks/JavaNativeFoundation.framework/Versions/A/JavaNativeFoundation
0x00000001125de000 	/System/Library/Frameworks/JavaVM.framework/Versions/A/JavaVM
0x0000000001636000 	/System/Library/Frameworks/Carbon.framework/Versions/A/Carbon
0x00000001125eb000 	/System/Library/PrivateFrameworks/JavaLaunching.framework/Versions/A/JavaLaunching
0x0000000001636000 	/System/Library/Frameworks/Carbon.framework/Versions/A/Frameworks/CommonPanels.framework/Versions/A/CommonPanels
0x0000000001636000 	/System/Library/Frameworks/Carbon.framework/Versions/A/Frameworks/Help.framework/Versions/A/Help
0x0000000001636000 	/System/Library/Frameworks/Carbon.framework/Versions/A/Frameworks/ImageCapture.framework/Versions/A/ImageCapture
0x0000000001636000 	/System/Library/Frameworks/Carbon.framework/Versions/A/Frameworks/OpenScripting.framework/Versions/A/OpenScripting
0x0000000001636000 	/System/Library/Frameworks/Carbon.framework/Versions/A/Frameworks/Print.framework/Versions/A/Print
0x0000000001636000 	/System/Library/Frameworks/Carbon.framework/Versions/A/Frameworks/SecurityHI.framework/Versions/A/SecurityHI
0x0000000114358000 	/Library/Java/JavaVirtualMachines/jdk1.7.0_45.jdk/Contents/Home/jre/lib/libawt.dylib
0x0000000114407000 	/Library/Java/JavaVirtualMachines/jdk1.7.0_45.jdk/Contents/Home/jre/lib/./libmlib_image.dylib
0x00000001144d3000 	/Library/Java/JavaVirtualMachines/jdk1.7.0_45.jdk/Contents/Home/jre/lib/lwawt/liblwawt.dylib
0x0000000114587000 	/Library/Java/JavaVirtualMachines/jdk1.7.0_45.jdk/Contents/Home/jre/lib/libosxapp.dylib
0x0000000001636000 	/System/Library/Frameworks/ExceptionHandling.framework/Versions/A/ExceptionHandling
0x0000000001636000 	/System/Library/PrivateFrameworks/CoreServicesInternal.framework/Versions/A/CoreServicesInternal
0x0000000001636000 	/System/Library/PrivateFrameworks/CloudDocs.framework/Versions/A/CloudDocs
0x0000000001636000 	/System/Library/PrivateFrameworks/CoreDuet.framework/Versions/A/CoreDuet
0x0000000001636000 	/System/Library/Frameworks/CloudKit.framework/Versions/A/CloudKit
0x0000000001636000 	/System/Library/PrivateFrameworks/ProtocolBuffer.framework/Versions/A/ProtocolBuffer
0x0000000001636000 	/System/Library/PrivateFrameworks/CoreDuetDaemonProtocol.framework/Versions/A/CoreDuetDaemonProtocol
0x0000000001636000 	/System/Library/PrivateFrameworks/CoreDuetDebugLogging.framework/Versions/A/CoreDuetDebugLogging
0x0000000001636000 	/System/Library/Frameworks/CoreLocation.framework/Versions/A/CoreLocation
0x0000000001636000 	/System/Library/Frameworks/Accounts.framework/Versions/A/Accounts
0x0000000001636000 	/System/Library/PrivateFrameworks/ApplePushService.framework/Versions/A/ApplePushService
0x0000000001636000 	/System/Library/PrivateFrameworks/GeoServices.framework/Versions/A/GeoServices
0x0000000001636000 	/System/Library/PrivateFrameworks/OAuth.framework/Versions/A/OAuth
0x0000000001636000 	/System/Library/PrivateFrameworks/CoreDaemon.framework/Versions/B/CoreDaemon
0x0000000001636000 	/usr/lib/libcrypto.0.9.8.dylib
0x0000000001636000 	/System/Library/PrivateFrameworks/AppleSRP.framework/Versions/A/AppleSRP
0x0000000001636000 	/System/Library/PrivateFrameworks/TrustEvaluationAgent.framework/Versions/A/TrustEvaluationAgent
0x0000000001636000 	/System/Library/Frameworks/CoreGraphics.framework/Versions/A/Resources/libCGCMS.A.dylib
0x0000000001636000 	/System/Library/Frameworks/CoreGraphics.framework/Versions/A/Resources/libRIP.A.dylib
0x0000000001636000 	/System/Library/Frameworks/CoreGraphics.framework/Versions/A/Resources/libCGXType.A.dylib
0x0000000001636000 	/System/Library/Frameworks/OpenCL.framework/Versions/A/Libraries/libcldcpuengine.dylib
0x0000000001636000 	/System/Library/PrivateFrameworks/DiskImages.framework/Versions/A/DiskImages
0x0000000001636000 	/System/Library/Frameworks/DiscRecording.framework/Versions/A/DiscRecording
0x0000000001636000 	/usr/lib/libcsfde.dylib
0x0000000001636000 	/usr/lib/libcurl.4.dylib
0x0000000001636000 	/System/Library/PrivateFrameworks/MediaKit.framework/Versions/A/MediaKit
0x0000000001636000 	/System/Library/PrivateFrameworks/ProtectedCloudStorage.framework/Versions/A/ProtectedCloudStorage
0x0000000001636000 	/usr/lib/libCoreStorage.dylib
0x0000000001636000 	/System/Library/PrivateFrameworks/EFILogin.framework/Versions/A/EFILogin
0x0000000001636000 	/usr/lib/libutil.dylib
0x0000000001636000 	/System/Library/PrivateFrameworks/FindMyDevice.framework/Versions/A/FindMyDevice
0x0000000001636000 	/System/Library/Frameworks/LDAP.framework/Versions/A/LDAP
0x0000000001636000 	/usr/lib/libsasl2.2.dylib
0x0000000117060000 	cl_kernels
0x0000000117062000 	/System/Library/Frameworks/OpenCL.framework/Versions/A/Libraries/ImageFormats/unorm8_bgra.dylib
0x0000000117051000 	cl_kernels
0x0000000001636000 	/System/Library/PrivateFrameworks/FamilyControls.framework/Versions/A/FamilyControls
0x0000000001636000 	/System/Library/PrivateFrameworks/CommerceKit.framework/Versions/A/Frameworks/CommerceCore.framework/Versions/A/CommerceCore
0x0000000001636000 	/System/Library/PrivateFrameworks/SystemAdministration.framework/Versions/A/SystemAdministration
0x0000000001636000 	/System/Library/PrivateFrameworks/AppContainer.framework/Versions/A/AppContainer
0x0000000001636000 	/System/Library/PrivateFrameworks/SecCodeWrapper.framework/Versions/A/SecCodeWrapper
0x0000000001636000 	/System/Library/Frameworks/DirectoryService.framework/Versions/A/DirectoryService
0x0000000001636000 	/System/Library/PrivateFrameworks/LoginUIKit.framework/Versions/A/Frameworks/LoginUICore.framework/Versions/A/LoginUICore
0x0000000001636000 	/usr/lib/libodfde.dylib
0x0000000001636000 	/System/Library/Frameworks/OpenGL.framework/Versions/A/Resources/GLEngine.bundle/GLEngine
0x0000000001636000 	/System/Library/Frameworks/OpenGL.framework/Versions/A/Libraries/libGLProgrammability.dylib
0x0000000000000000 	/System/Library/Extensions/AppleIntelHD4000GraphicsGLDriver.bundle/Contents/MacOS/AppleIntelHD4000GraphicsGLDriver
0x0000000001636000 	/System/Library/PrivateFrameworks/IOAccelerator.framework/Versions/A/IOAccelerator
0x0000000001636000 	/System/Library/PrivateFrameworks/GPUSupport.framework/Versions/A/Libraries/libGPUSupportMercury.dylib
0x0000000001636000 	/System/Library/Frameworks/OpenGL.framework/Versions/A/Resources/GLRendererFloat.bundle/GLRendererFloat
0x0000000118d1e000 	/Library/Java/JavaVirtualMachines/jdk1.7.0_45.jdk/Contents/Home/jre/lib/libfontmanager.dylib
0x0000000118d82000 	/Library/Java/JavaVirtualMachines/jdk1.7.0_45.jdk/Contents/Home/jre/lib/libosxui.dylib
0x000000011a9e0000 	/Library/Java/JavaVirtualMachines/jdk1.7.0_45.jdk/Contents/Home/jre/lib/libnet.dylib
0x000000011a9f5000 	/Library/Java/JavaVirtualMachines/jdk1.7.0_45.jdk/Contents/Home/jre/lib/libnio.dylib
0x000000011b116000 	/Library/Java/JavaVirtualMachines/jdk1.7.0_45.jdk/Contents/Home/jre/lib/libjpeg.dylib
0x0000000001636000 	/System/Library/Frameworks/Accelerate.framework/Versions/A/Frameworks/vImage.framework/Versions/A/Libraries/libCGInterfaces.dylib
0x0000000001636000 	/System/Library/Frameworks/ApplicationServices.framework/Versions/A/Frameworks/ATS.framework/Versions/A/Resources/libTrueTypeScaler.dylib

VM Arguments:
jvm_args: -Dfile.encoding=US-ASCII 
java_command: view.TRPGGUI
Launcher Type: SUN_STANDARD

Environment Variables:
PATH=/usr/bin:/bin:/usr/sbin:/sbin
SHELL=/bin/bash

Signal Handlers:
SIGSEGV: [libjvm.dylib+0x525415], sa_mask[0]=0xfffefeff, sa_flags=0x00000043
SIGBUS: [libjvm.dylib+0x525415], sa_mask[0]=0xfffefeff, sa_flags=0x00000042
SIGFPE: [libjvm.dylib+0x41891a], sa_mask[0]=0xfffefeff, sa_flags=0x00000042
SIGPIPE: [libjvm.dylib+0x41891a], sa_mask[0]=0xfffefeff, sa_flags=0x00000042
SIGXFSZ: [libjvm.dylib+0x41891a], sa_mask[0]=0xfffefeff, sa_flags=0x00000042
SIGILL: [libjvm.dylib+0x41891a], sa_mask[0]=0xfffefeff, sa_flags=0x00000042
SIGUSR1: SIG_DFL, sa_mask[0]=0x00000000, sa_flags=0x00000000
SIGUSR2: [libjvm.dylib+0x41840c], sa_mask[0]=0x00000004, sa_flags=0x00000042
SIGHUP: [libjvm.dylib+0x41669b], sa_mask[0]=0xfffefeff, sa_flags=0x00000042
SIGINT: [libjvm.dylib+0x41669b], sa_mask[0]=0xfffefeff, sa_flags=0x00000042
SIGTERM: [libjvm.dylib+0x41669b], sa_mask[0]=0xfffefeff, sa_flags=0x00000042
SIGQUIT: [libjvm.dylib+0x41669b], sa_mask[0]=0xfffefeff, sa_flags=0x00000042


---------------  S Y S T E M  ---------------

OS:Bsduname:Darwin 14.0.0 Darwin Kernel Version 14.0.0: Fri Sep 19 00:26:44 PDT 2014; root:xnu-2782.1.97~2/RELEASE_X86_64 x86_64
rlimit: STACK 8192k, CORE 0k, NPROC 709, NOFILE 10240, AS infinity
load average:1.70 1.86 1.81

CPU:total 4 (2 cores per cpu, 2 threads per core) family 6 model 58 stepping 9, cmov, cx8, fxsr, mmx, sse, sse2, sse3, ssse3, sse4.1, sse4.2, popcnt, avx, aes, erms, ht, tsc, tscinvbit, tscinv

Memory: 4k page, physical 4194304k(1048576k free)

/proc/meminfo:


vm_info: Java HotSpot(TM) 64-Bit Server VM (24.45-b08) for bsd-amd64 JRE (1.7.0_45-b18), built on Oct  8 2013 05:54:16 by "java_re" with gcc 4.2.1 (Based on Apple Inc. build 5658) (LLVM build 2336.11.00)

time: Sun Nov 16 11:41:45 2014
elapsed time: 5 seconds

